<?xml version="1.0" encoding="UTF-8"?>
<testng-results ignored="0" total="1" passed="1" failed="0" skipped="0">
  <reporter-output>
  </reporter-output>
  <suite started-at="2025-09-05T18:19:15 IST" name="LoginSuite" finished-at="2025-09-05T18:19:42 IST" duration-ms="26248">
    <groups>
    </groups>
    <test started-at="2025-09-05T18:19:15 IST" name="LoginTests" finished-at="2025-09-05T18:19:42 IST" duration-ms="26248">
      <class name="tests.LoginTest">
        <test-method is-config="true" signature="setup()[pri:0, instance:tests.LoginTest@10e31a9a]" started-at="2025-09-05T18:19:16 IST" name="setup" finished-at="2025-09-05T18:19:30 IST" duration-ms="13946" status="PASS">
          <reporter-output>
          </reporter-output>
        </test-method> <!-- setup -->
        <test-method signature="testValidLogin()[pri:0, instance:tests.LoginTest@10e31a9a]" started-at="2025-09-05T18:19:30 IST" name="testValidLogin" finished-at="2025-09-05T18:19:41 IST" duration-ms="11101" status="PASS">
          <reporter-output>
          </reporter-output>
        </test-method> <!-- testValidLogin -->
        <test-method is-config="true" signature="tearDown()[pri:0, instance:tests.LoginTest@10e31a9a]" started-at="2025-09-05T18:19:41 IST" name="tearDown" finished-at="2025-09-05T18:19:42 IST" duration-ms="985" status="PASS">
          <reporter-output>
          </reporter-output>
        </test-method> <!-- tearDown -->
      </class> <!-- tests.LoginTest -->
    </test> <!-- LoginTests -->
  </suite> <!-- LoginSuite -->
</testng-results>
